<?xml version="1.0" encoding="UTF-8"?>
<project xmlns="http://maven.apache.org/POM/4.0.0"
         xmlns:xsi="http://www.w3.org/2001/XMLSchema-instance"
         xsi:schemaLocation="http://maven.apache.org/POM/4.0.0 http://maven.apache.org/xsd/maven-4.0.0.xsd">
  <modelVersion>4.0.0</modelVersion>

  <groupId>com.cts</groupId>
  <artifactId>JUnitDemo</artifactId>
  <version>0.0.1-SNAPSHOT</version>

  <properties>
    <project.build.sourceEncoding>UTF-8</project.build.sourceEncoding>
    <maven.compiler.release>17</maven.compiler.release>
  </properties>

  <dependencies>
    <!-- JUnit 5 API -->
    <dependency>
      <groupId>org.junit.jupiter</groupId>
      <artifactId>junit-jupiter-api</artifactId>
      <version>5.11.0</version>
      <scope>test</scope>
    </dependency>

    <!-- JUnit 5 Engine (to run the tests) -->
    <dependency>
      <groupId>org.junit.jupiter</groupId>
      <artifactId>junit-jupiter-engine</artifactId>
      <version>5.11.0</version>
      <scope>test</scope>
    </dependency>

    <!-- Optional: for parameterized tests -->
    <dependency>
      <groupId>org.junit.jupiter</groupId>
      <artifactId>junit-jupiter-params</artifactId>
      <version>5.11.0</version>
      <scope>test</scope>
    </dependency>
  </dependencies>

  <build>
    <plugins>
      <!-- Compiler Plugin -->
      <plugin>
        <artifactId>maven-compiler-plugin</artifactId>
        <version>3.13.0</version>
      </plugin>

      <!-- Surefire Plugin: Needed to run JUnit 5 tests -->
      <plugin>
        <artifactId>maven-surefire-plugin</artifactId>
        <version>3.1.2</version>
      </plugin>
    </plugins>
  </build>
</project>
